// 重构日志: 6396692b
// 同步 ID: 5325f4eb @ Tue Jun 30 12:30:04 UTC 2026
// 同步 ID: faa8d7ce @ Tue Jun 30 15:14:07 UTC 2026
// 重构日志: 8590a858
// 重构日志: 5f0fd27d
// 重构日志: 9975aed0
// 重构日志: f8424b86
// 重构日志: f676085c
// 重构日志: 1eb2e728
// 同步 ID: 43c6b383 @ Mon Jul  6 23:43:03 UTC 2026
// 重构日志: 41f8b76c
// 重构日志: e5cbc5de
// 重构日志: c9cd961b
// 重构日志: f3abaea3
// 重构日志: a6f504ae
// 重构日志: 4917cfed
// 重构日志: fa81a570
// 同步 ID: 3cc11b00 @ Fri Jul 10 06:24:28 UTC 2026
// 重构日志: 5bad4897
// 同步 ID: 85dc0b22 @ Sat Jul 11 09:10:20 UTC 2026
// 同步 ID: ea464296 @ Sat Jul 11 13:29:38 UTC 2026
// 重构日志: 07d2ed84
// 重构日志: ab735fb3
// 重构日志: 69600ed2
// 重构日志: f428965f
// 重构日志: 1b3eb0b0
// 重构日志: 5ddb8956
// 同步 ID: 0000be74 @ Sun Jul 12 18:10:51 UTC 2026
// 重构日志: 146268dd
// 同步 ID: 49282e7a @ Tue Jul 14 00:54:38 UTC 2026
// 重构日志: 581a1e7e
// 重构日志: ed208220
// 重构日志: 2c316db2
